c:\users\simon\мессенджер\peradventureinterfaceqt\qtserver\qtserver\x64\debug\servernetwork.obj
c:\users\simon\мессенджер\peradventureinterfaceqt\qtserver\qtserver\x64\debug\main.obj
c:\users\simon\мессенджер\peradventureinterfaceqt\qtserver\qtserver\x64\debug\mysqlserver.obj
c:\users\simon\мессенджер\peradventureinterfaceqt\qtserver\qtserver\x64\debug\vc143.pdb
c:\users\simon\мессенджер\peradventureinterfaceqt\qtserver\qtserver\x64\debug\moc_servernetwork.obj
c:\users\simon\мессенджер\peradventureinterfaceqt\qtserver\qtserver\x64\debug\moc\moc_servernetwork.cpp
c:\users\simon\мессенджер\peradventureinterfaceqt\qtserver\x64\debug\qtserver.pdb
c:\users\simon\мессенджер\peradventureinterfaceqt\qtserver\qtserver\x64\debug\qtserver.tlog\cl.command.1.tlog
c:\users\simon\мессенджер\peradventureinterfaceqt\qtserver\qtserver\x64\debug\qtserver.tlog\cl.read.1.tlog
c:\users\simon\мессенджер\peradventureinterfaceqt\qtserver\qtserver\x64\debug\qtserver.tlog\cl.write.1.tlog
c:\users\simon\мессенджер\peradventureinterfaceqt\qtserver\qtserver\x64\debug\qtserver.tlog\link-cvtres.read.1.tlog
c:\users\simon\мессенджер\peradventureinterfaceqt\qtserver\qtserver\x64\debug\qtserver.tlog\link-cvtres.write.1.tlog
c:\users\simon\мессенджер\peradventureinterfaceqt\qtserver\qtserver\x64\debug\qtserver.tlog\link-rc.read.1.tlog
c:\users\simon\мессенджер\peradventureinterfaceqt\qtserver\qtserver\x64\debug\qtserver.tlog\link-rc.write.1.tlog
c:\users\simon\мессенджер\peradventureinterfaceqt\qtserver\qtserver\x64\debug\qtserver.tlog\link.20320-cvtres.read.1.tlog
c:\users\simon\мессенджер\peradventureinterfaceqt\qtserver\qtserver\x64\debug\qtserver.tlog\link.20320-cvtres.write.1.tlog
c:\users\simon\мессенджер\peradventureinterfaceqt\qtserver\qtserver\x64\debug\qtserver.tlog\link.20320-rc.read.1.tlog
c:\users\simon\мессенджер\peradventureinterfaceqt\qtserver\qtserver\x64\debug\qtserver.tlog\link.20320-rc.write.1.tlog
c:\users\simon\мессенджер\peradventureinterfaceqt\qtserver\qtserver\x64\debug\qtserver.tlog\link.20320.read.1.tlog
c:\users\simon\мессенджер\peradventureinterfaceqt\qtserver\qtserver\x64\debug\qtserver.tlog\link.20320.read.2.tlog
c:\users\simon\мессенджер\peradventureinterfaceqt\qtserver\qtserver\x64\debug\qtserver.tlog\link.20320.write.1.tlog
c:\users\simon\мессенджер\peradventureinterfaceqt\qtserver\qtserver\x64\debug\qtserver.tlog\link.command.1.tlog
c:\users\simon\мессенджер\peradventureinterfaceqt\qtserver\qtserver\x64\debug\qtserver.tlog\link.read.1.tlog
c:\users\simon\мессенджер\peradventureinterfaceqt\qtserver\qtserver\x64\debug\qtserver.tlog\link.read.2.tlog
c:\users\simon\мессенджер\peradventureinterfaceqt\qtserver\qtserver\x64\debug\qtserver.tlog\link.read.3.tlog
c:\users\simon\мессенджер\peradventureinterfaceqt\qtserver\qtserver\x64\debug\qtserver.tlog\link.write.1.tlog
c:\users\simon\мессенджер\peradventureinterfaceqt\qtserver\qtserver\x64\debug\qtserver.tlog\moc.read.1u.tlog
c:\users\simon\мессенджер\peradventureinterfaceqt\qtserver\qtserver\x64\debug\qtserver.tlog\moc.write.1u.tlog
c:\users\simon\мессенджер\peradventureinterfaceqt\qtserver\qtserver\x64\debug\qtserver.tlog\qtserver.write.1u.tlog
