c:\users\simon\messenger\peradventureinterfaceqt\qtwidgetsinterface\qtwidgetsinterface\x64\debug\clientserver.obj
c:\users\simon\messenger\peradventureinterfaceqt\qtwidgetsinterface\qtwidgetsinterface\x64\debug\messenger.obj
c:\users\simon\messenger\peradventureinterfaceqt\qtwidgetsinterface\qtwidgetsinterface\x64\debug\qtinterface.obj
c:\users\simon\messenger\peradventureinterfaceqt\qtwidgetsinterface\qtwidgetsinterface\x64\debug\main.obj
c:\users\simon\messenger\peradventureinterfaceqt\qtwidgetsinterface\qtwidgetsinterface\x64\debug\vc143.pdb
c:\users\simon\messenger\peradventureinterfaceqt\qtwidgetsinterface\qtwidgetsinterface\x64\debug\moc_messenger.obj
c:\users\simon\messenger\peradventureinterfaceqt\qtwidgetsinterface\qtwidgetsinterface\x64\debug\qrc_qtinterface.obj
c:\users\simon\messenger\peradventureinterfaceqt\qtwidgetsinterface\qtwidgetsinterface\x64\debug\moc_qtinterface.obj
c:\users\simon\messenger\peradventureinterfaceqt\qtwidgetsinterface\x64\debug\qtwidgetsinterface.ilk
c:\users\simon\messenger\peradventureinterfaceqt\qtwidgetsinterface\x64\debug\qtwidgetsinterface.exe
c:\users\simon\messenger\peradventureinterfaceqt\qtwidgetsinterface\x64\debug\qtwidgetsinterface.pdb
c:\users\simon\messenger\peradventureinterfaceqt\qtwidgetsinterface\qtwidgetsinterface\x64\debug\moc\moc_qtinterface.cpp
c:\users\simon\messenger\peradventureinterfaceqt\qtwidgetsinterface\qtwidgetsinterface\x64\debug\moc\moc_messenger.cpp
c:\users\simon\messenger\peradventureinterfaceqt\qtwidgetsinterface\qtwidgetsinterface\x64\debug\uic\ui_messenger.h
c:\users\simon\messenger\peradventureinterfaceqt\qtwidgetsinterface\qtwidgetsinterface\x64\debug\uic\ui_qtinterface.h
c:\users\simon\messenger\peradventureinterfaceqt\qtwidgetsinterface\qtwidgetsinterface\x64\debug\rcc\qrc_qtinterface.cpp
c:\users\simon\messenger\peradventureinterfaceqt\qtwidgetsinterface\qtwidgetsinterface\x64\debug\qtwidget.41143e6a.tlog\cl.11012.write.1.tlog
c:\users\simon\messenger\peradventureinterfaceqt\qtwidgetsinterface\qtwidgetsinterface\x64\debug\qtwidget.41143e6a.tlog\cl.command.1.tlog
c:\users\simon\messenger\peradventureinterfaceqt\qtwidgetsinterface\qtwidgetsinterface\x64\debug\qtwidget.41143e6a.tlog\cl.read.1.tlog
c:\users\simon\messenger\peradventureinterfaceqt\qtwidgetsinterface\qtwidgetsinterface\x64\debug\qtwidget.41143e6a.tlog\link.command.1.tlog
c:\users\simon\messenger\peradventureinterfaceqt\qtwidgetsinterface\qtwidgetsinterface\x64\debug\qtwidget.41143e6a.tlog\link.read.1.tlog
c:\users\simon\messenger\peradventureinterfaceqt\qtwidgetsinterface\qtwidgetsinterface\x64\debug\qtwidget.41143e6a.tlog\link.write.1.tlog
c:\users\simon\messenger\peradventureinterfaceqt\qtwidgetsinterface\qtwidgetsinterface\x64\debug\qtwidget.41143e6a.tlog\moc.read.1u.tlog
c:\users\simon\messenger\peradventureinterfaceqt\qtwidgetsinterface\qtwidgetsinterface\x64\debug\qtwidget.41143e6a.tlog\moc.write.1u.tlog
c:\users\simon\messenger\peradventureinterfaceqt\qtwidgetsinterface\qtwidgetsinterface\x64\debug\qtwidget.41143e6a.tlog\qtwidgetsinterface.write.1u.tlog
c:\users\simon\messenger\peradventureinterfaceqt\qtwidgetsinterface\qtwidgetsinterface\x64\debug\qtwidget.41143e6a.tlog\rcc.read.1u.tlog
c:\users\simon\messenger\peradventureinterfaceqt\qtwidgetsinterface\qtwidgetsinterface\x64\debug\qtwidget.41143e6a.tlog\rcc.write.1u.tlog
c:\users\simon\messenger\peradventureinterfaceqt\qtwidgetsinterface\qtwidgetsinterface\x64\debug\qtwidget.41143e6a.tlog\uic.read.1u.tlog
c:\users\simon\messenger\peradventureinterfaceqt\qtwidgetsinterface\qtwidgetsinterface\x64\debug\qtwidget.41143e6a.tlog\uic.write.1u.tlog
