c:\users\simon\messenger\peradventureinterfaceqt\qtwidgetsinterface\qtwidgetsinterface\x64\release\messenger.obj
c:\users\simon\messenger\peradventureinterfaceqt\qtwidgetsinterface\qtwidgetsinterface\x64\release\main.obj
c:\users\simon\messenger\peradventureinterfaceqt\qtwidgetsinterface\qtwidgetsinterface\x64\release\qtinterface.obj
c:\users\simon\messenger\peradventureinterfaceqt\qtwidgetsinterface\qtwidgetsinterface\x64\release\moc_qtinterface.obj
c:\users\simon\messenger\peradventureinterfaceqt\qtwidgetsinterface\qtwidgetsinterface\x64\release\moc_messenger.obj
c:\users\simon\messenger\peradventureinterfaceqt\qtwidgetsinterface\qtwidgetsinterface\x64\release\clientserver.obj
c:\users\simon\messenger\peradventureinterfaceqt\qtwidgetsinterface\qtwidgetsinterface\x64\release\qrc_qtinterface.obj
c:\users\simon\messenger\peradventureinterfaceqt\qtwidgetsinterface\qtwidgetsinterface\x64\release\moc\moc_qtinterface.cpp
c:\users\simon\messenger\peradventureinterfaceqt\qtwidgetsinterface\qtwidgetsinterface\x64\release\moc\moc_messenger.cpp
c:\users\simon\messenger\peradventureinterfaceqt\qtwidgetsinterface\qtwidgetsinterface\x64\release\uic\ui_messenger.h
c:\users\simon\messenger\peradventureinterfaceqt\qtwidgetsinterface\qtwidgetsinterface\x64\release\uic\ui_qtinterface.h
c:\users\simon\messenger\peradventureinterfaceqt\qtwidgetsinterface\qtwidgetsinterface\x64\release\rcc\qrc_qtinterface.cpp
c:\users\simon\messenger\peradventureinterfaceqt\qtwidgetsinterface\qtwidgetsinterface\x64\release\qtwidget.41143e6a.tlog\cl.command.1.tlog
c:\users\simon\messenger\peradventureinterfaceqt\qtwidgetsinterface\qtwidgetsinterface\x64\release\qtwidget.41143e6a.tlog\cl.read.1.tlog
c:\users\simon\messenger\peradventureinterfaceqt\qtwidgetsinterface\qtwidgetsinterface\x64\release\qtwidget.41143e6a.tlog\cl.write.1.tlog
c:\users\simon\messenger\peradventureinterfaceqt\qtwidgetsinterface\qtwidgetsinterface\x64\release\qtwidget.41143e6a.tlog\link-cvtres.read.1.tlog
c:\users\simon\messenger\peradventureinterfaceqt\qtwidgetsinterface\qtwidgetsinterface\x64\release\qtwidget.41143e6a.tlog\link-cvtres.write.1.tlog
c:\users\simon\messenger\peradventureinterfaceqt\qtwidgetsinterface\qtwidgetsinterface\x64\release\qtwidget.41143e6a.tlog\link-rc.read.1.tlog
c:\users\simon\messenger\peradventureinterfaceqt\qtwidgetsinterface\qtwidgetsinterface\x64\release\qtwidget.41143e6a.tlog\link-rc.write.1.tlog
c:\users\simon\messenger\peradventureinterfaceqt\qtwidgetsinterface\qtwidgetsinterface\x64\release\qtwidget.41143e6a.tlog\link.command.1.tlog
c:\users\simon\messenger\peradventureinterfaceqt\qtwidgetsinterface\qtwidgetsinterface\x64\release\qtwidget.41143e6a.tlog\link.read.1.tlog
c:\users\simon\messenger\peradventureinterfaceqt\qtwidgetsinterface\qtwidgetsinterface\x64\release\qtwidget.41143e6a.tlog\link.write.1.tlog
c:\users\simon\messenger\peradventureinterfaceqt\qtwidgetsinterface\qtwidgetsinterface\x64\release\qtwidget.41143e6a.tlog\moc.read.1u.tlog
c:\users\simon\messenger\peradventureinterfaceqt\qtwidgetsinterface\qtwidgetsinterface\x64\release\qtwidget.41143e6a.tlog\moc.write.1u.tlog
c:\users\simon\messenger\peradventureinterfaceqt\qtwidgetsinterface\qtwidgetsinterface\x64\release\qtwidget.41143e6a.tlog\qtwidgetsinterface.write.1u.tlog
c:\users\simon\messenger\peradventureinterfaceqt\qtwidgetsinterface\qtwidgetsinterface\x64\release\qtwidget.41143e6a.tlog\rcc.read.1u.tlog
c:\users\simon\messenger\peradventureinterfaceqt\qtwidgetsinterface\qtwidgetsinterface\x64\release\qtwidget.41143e6a.tlog\rcc.write.1u.tlog
c:\users\simon\messenger\peradventureinterfaceqt\qtwidgetsinterface\qtwidgetsinterface\x64\release\qtwidget.41143e6a.tlog\uic.read.1u.tlog
c:\users\simon\messenger\peradventureinterfaceqt\qtwidgetsinterface\qtwidgetsinterface\x64\release\qtwidget.41143e6a.tlog\uic.write.1u.tlog
